<?xml version="1.0" encoding="UTF-8"?>
<!-- Generated by org.testng.reporters.JUnitReportReporter -->
<testsuite skipped="0" hostname="DQ-PC" name="com.bitm.SlnmOnlineProj.Utils.DriverManagerUtil" tests="1" failures="0" timestamp="2020-07-12T20:49:34 ALMT" time="0.024" errors="0">
  <testcase name="TestDriverManager" time="0.024" classname="com.bitm.SlnmOnlineProj.Utils.DriverManagerUtil"/>
  <system-out/>
</testsuite> <!-- com.bitm.SlnmOnlineProj.Utils.DriverManagerUtil -->
